2025-05-15 22:35:12 -  - exec CUpdateClientPartner::GetUpdatesList
2025-05-15 22:35:12 -  - exec CUpdateClientPartner::__CollectRequestData
2025-05-15 22:35:12 -  - utf=Y&lang=ru&stable=Y&CANGZIP=Y&SUPD_DBS=MYSQL&XE=N&CLIENT_SITE=task&LICENSE_KEY=X&SUPD_STS=1&SUPD_URS=0&TYPENC=D&CLIENT_PHPVER=8.3.6&NGINX=Y&dbv=8.2.0&instm=main%2C25.100.300%2CY%3Bb24connector%2C24.0.0%2CN%3Bbitrix.sitecorporate%2C24.0.0%2CN%3Bbitrixcloud%2C24.100.0%2CN%3Bblog%2C24.300.0%2CN%3Bclouds%2C25.0.0%2CN%3Bfileman%2C24.500.0%2CN%3Bform%2C24.0.0%2CN%3Bforum%2C25.100.0%2CN%3Bhighloadblock%2C24.100.0%2CN%3Biblock%2C24.300.0%2CN%3Blanding%2C24.800.0%2CN%3Blocation%2C25.0.0%2CN%3Bmessageservice%2C24.900.0%2CN%3Bmobileapp%2C24.200.0%2CN%3Bperfmon%2C24.200.0%2CN%3Bphotogallery%2C25.0.0%2CN%3Brest%2C25.100.200%2CN%3Bsearch%2C25.0.0%2CN%3Bsecurity%2C24.0.100%2CN%3Bseo%2C24.600.100%2CN%3Bsocialservices%2C24.100.100%2CN%3Bsubscribe%2C24.0.0%2CN%3Btranslate%2C24.100.0%2CN%3Bui%2C25.0.0%2CN%3Bvote%2C24.0.100%2CN&reqm=bitrix.sitecorporate%2Csprint.migration&SUPD_SRS=RU&SUPD_CMP=N
2025-05-15 22:35:12 -  - exec CUpdateClientPartner::GetHTTPPage
2025-05-15 22:35:12 -  - TIME GetUpdatesList(request) 0.434 sec
2025-05-15 22:35:12 -  - exec CUpdateClientPartner::ParseServerData
2025-05-15 22:35:25 -  - exec CUpdateClientPartner::GetUpdatesList
2025-05-15 22:35:25 -  - exec CUpdateClientPartner::__CollectRequestData
2025-05-15 22:35:25 -  - utf=Y&lang=ru&stable=Y&CANGZIP=Y&SUPD_DBS=MYSQL&XE=N&CLIENT_SITE=task&LICENSE_KEY=X&SUPD_STS=1&SUPD_URS=0&TYPENC=D&CLIENT_PHPVER=8.3.6&NGINX=Y&dbv=8.2.0&instm=main%2C25.100.300%2CY%3Bb24connector%2C24.0.0%2CN%3Bbitrix.sitecorporate%2C24.0.0%2CN%3Bbitrixcloud%2C24.100.0%2CN%3Bblog%2C24.300.0%2CN%3Bclouds%2C25.0.0%2CN%3Bfileman%2C24.500.0%2CN%3Bform%2C24.0.0%2CN%3Bforum%2C25.100.0%2CN%3Bhighloadblock%2C24.100.0%2CN%3Biblock%2C24.300.0%2CN%3Blanding%2C24.800.0%2CN%3Blocation%2C25.0.0%2CN%3Bmessageservice%2C24.900.0%2CN%3Bmobileapp%2C24.200.0%2CN%3Bperfmon%2C24.200.0%2CN%3Bphotogallery%2C25.0.0%2CN%3Brest%2C25.100.200%2CN%3Bsearch%2C25.0.0%2CN%3Bsecurity%2C24.0.100%2CN%3Bseo%2C24.600.100%2CN%3Bsocialservices%2C24.100.100%2CN%3Bsubscribe%2C24.0.0%2CN%3Btranslate%2C24.100.0%2CN%3Bui%2C25.0.0%2CN%3Bvote%2C24.0.100%2CN&reqm=bitrix.sitecorporate%2Csprint.migration&SUPD_SRS=RU&SUPD_CMP=N
2025-05-15 22:35:25 -  - exec CUpdateClientPartner::GetHTTPPage
2025-05-15 22:35:25 -  - TIME GetUpdatesList(request) 0.428 sec
2025-05-15 22:35:25 -  - exec CUpdateClientPartner::ParseServerData
2025-05-15 22:36:52 -  - exec CUpdateClientPartner::GetUpdatesList
2025-05-15 22:36:52 -  - exec CUpdateClientPartner::__CollectRequestData
2025-05-15 22:36:52 -  - utf=Y&lang=ru&stable=Y&CANGZIP=Y&SUPD_DBS=MYSQL&XE=N&CLIENT_SITE=task&LICENSE_KEY=X&SUPD_STS=1&SUPD_URS=0&TYPENC=D&CLIENT_PHPVER=8.3.6&NGINX=Y&dbv=8.2.0&instm=main%2C25.100.300%2CY%3Bb24connector%2C24.0.0%2CN%3Bbitrix.sitecorporate%2C24.0.0%2CN%3Bbitrixcloud%2C24.100.0%2CN%3Bblog%2C24.300.0%2CN%3Bclouds%2C25.0.0%2CN%3Bfileman%2C24.500.0%2CN%3Bform%2C24.0.0%2CN%3Bforum%2C25.100.0%2CN%3Bhighloadblock%2C24.100.0%2CN%3Biblock%2C24.300.0%2CN%3Blanding%2C24.800.0%2CN%3Blocation%2C25.0.0%2CN%3Bmessageservice%2C24.900.0%2CN%3Bmobileapp%2C24.200.0%2CN%3Bperfmon%2C24.200.0%2CN%3Bphotogallery%2C25.0.0%2CN%3Brest%2C25.100.200%2CN%3Bsearch%2C25.0.0%2CN%3Bsecurity%2C24.0.100%2CN%3Bseo%2C24.600.100%2CN%3Bsocialservices%2C24.100.100%2CN%3Bsubscribe%2C24.0.0%2CN%3Btranslate%2C24.100.0%2CN%3Bui%2C25.0.0%2CN%3Bvote%2C24.0.100%2CN&reqm=bitrix.sitecorporate%2Csprint.migration&SUPD_SRS=RU&SUPD_CMP=N
2025-05-15 22:36:52 -  - exec CUpdateClientPartner::GetHTTPPage
2025-05-15 22:36:52 -  - TIME GetUpdatesList(request) 0.422 sec
2025-05-15 22:36:52 -  - exec CUpdateClientPartner::ParseServerData
2025-05-15 22:38:47 -  - exec CUpdateClientPartner::GetUpdatesList
2025-05-15 22:38:47 -  - exec CUpdateClientPartner::__CollectRequestData
2025-05-15 22:38:47 -  - utf=Y&lang=ru&stable=Y&CANGZIP=Y&SUPD_DBS=MYSQL&XE=N&CLIENT_SITE=task&LICENSE_KEY=X&SUPD_STS=1&SUPD_URS=0&TYPENC=D&CLIENT_PHPVER=8.3.6&NGINX=Y&dbv=8.2.0&instm=main%2C25.100.300%2CY%3Bb24connector%2C24.0.0%2CN%3Bbitrix.sitecorporate%2C24.0.0%2CN%3Bbitrixcloud%2C24.100.0%2CN%3Bblog%2C24.300.0%2CN%3Bclouds%2C25.0.0%2CN%3Bfileman%2C24.500.0%2CN%3Bform%2C24.0.0%2CN%3Bforum%2C25.100.0%2CN%3Bhighloadblock%2C24.100.0%2CN%3Biblock%2C24.300.0%2CN%3Blanding%2C24.800.0%2CN%3Blocation%2C25.0.0%2CN%3Bmessageservice%2C24.900.0%2CN%3Bmobileapp%2C24.200.0%2CN%3Bperfmon%2C24.200.0%2CN%3Bphotogallery%2C25.0.0%2CN%3Brest%2C25.100.200%2CN%3Bsearch%2C25.0.0%2CN%3Bsecurity%2C24.0.100%2CN%3Bseo%2C24.600.100%2CN%3Bsocialservices%2C24.100.100%2CN%3Bsprint.migration%2C5.0.2%2CN%3Bsubscribe%2C24.0.0%2CN%3Btranslate%2C24.100.0%2CN%3Bui%2C25.0.0%2CN%3Bvote%2C24.0.100%2CN&reqm=bitrix.sitecorporate%2Csprint.migration%2Csprint.migration&SUPD_SRS=RU&SUPD_CMP=N
2025-05-15 22:38:47 -  - exec CUpdateClientPartner::GetHTTPPage
2025-05-15 22:38:48 -  - TIME GetUpdatesList(request) 0.651 sec
2025-05-15 22:38:48 -  - exec CUpdateClientPartner::ParseServerData
2025-05-15 22:52:00 -  - exec CUpdateClientPartner::GetUpdatesList
2025-05-15 22:52:00 -  - exec CUpdateClientPartner::__CollectRequestData
2025-05-15 22:52:00 -  - utf=Y&lang=ru&stable=Y&CANGZIP=Y&SUPD_DBS=MYSQL&XE=N&CLIENT_SITE=task&LICENSE_KEY=X&SUPD_STS=1&SUPD_URS=0&TYPENC=D&CLIENT_PHPVER=8.3.6&NGINX=Y&dbv=8.2.0&instm=main%2C25.100.300%2CY%3Bb24connector%2C24.0.0%2CN%3Bbitrix.sitecorporate%2C24.0.0%2CN%3Bbitrixcloud%2C24.100.0%2CN%3Bblog%2C24.300.0%2CN%3Bclouds%2C25.0.0%2CN%3Bfileman%2C24.500.0%2CN%3Bform%2C24.0.0%2CN%3Bforum%2C25.100.0%2CN%3Bhighloadblock%2C24.100.0%2CN%3Biblock%2C24.300.0%2CN%3Blanding%2C24.800.0%2CN%3Blocation%2C25.0.0%2CN%3Bmessageservice%2C24.900.0%2CN%3Bmobileapp%2C24.200.0%2CN%3Bperfmon%2C24.200.0%2CN%3Bphotogallery%2C25.0.0%2CN%3Brest%2C25.100.200%2CN%3Bsearch%2C25.0.0%2CN%3Bsecurity%2C24.0.100%2CN%3Bseo%2C24.600.100%2CN%3Bsocialservices%2C24.100.100%2CN%3Bsprint.migration%2C5.0.2%2CN%3Bsubscribe%2C24.0.0%2CN%3Btranslate%2C24.100.0%2CN%3Bui%2C25.0.0%2CN%3Bvote%2C24.0.100%2CN&reqm=bitrix.sitecorporate%2Csprint.migration&fullmoduleinfo=Y&SUPD_SRS=RU&SUPD_CMP=N
2025-05-15 22:52:00 -  - exec CUpdateClientPartner::GetHTTPPage
2025-05-15 22:52:00 -  - TIME GetUpdatesList(request) 0.441 sec
2025-05-15 22:52:00 -  - exec CUpdateClientPartner::ParseServerData
2025-05-15 22:52:30 -  - exec CUpdateClientPartner::GetUpdatesList
2025-05-15 22:52:30 -  - exec CUpdateClientPartner::__CollectRequestData
2025-05-15 22:52:30 -  - utf=Y&lang=ru&stable=Y&CANGZIP=Y&SUPD_DBS=MYSQL&XE=N&CLIENT_SITE=task&LICENSE_KEY=X&SUPD_STS=1&SUPD_URS=0&TYPENC=D&CLIENT_PHPVER=8.3.6&NGINX=Y&dbv=8.2.0&instm=main%2C25.100.300%2CY%3Bb24connector%2C24.0.0%2CN%3Bbitrix.sitecorporate%2C24.0.0%2CN%3Bbitrixcloud%2C24.100.0%2CN%3Bblog%2C24.300.0%2CN%3Bclouds%2C25.0.0%2CN%3Bfileman%2C24.500.0%2CN%3Bform%2C24.0.0%2CN%3Bforum%2C25.100.0%2CN%3Bhighloadblock%2C24.100.0%2CN%3Biblock%2C24.300.0%2CN%3Blanding%2C24.800.0%2CN%3Blocation%2C25.0.0%2CN%3Bmessageservice%2C24.900.0%2CN%3Bmobileapp%2C24.200.0%2CN%3Bperfmon%2C24.200.0%2CN%3Bphotogallery%2C25.0.0%2CN%3Brest%2C25.100.200%2CN%3Bsearch%2C25.0.0%2CN%3Bsecurity%2C24.0.100%2CN%3Bseo%2C24.600.100%2CN%3Bsocialservices%2C24.100.100%2CN%3Bsprint.migration%2C5.0.2%2CN%3Bsubscribe%2C24.0.0%2CN%3Btranslate%2C24.100.0%2CN%3Bui%2C25.0.0%2CN%3Bvote%2C24.0.100%2CN&reqm=bitrix.sitecorporate%2Csprint.migration%2Csprint.migration&SUPD_SRS=RU&SUPD_CMP=N
2025-05-15 22:52:30 -  - exec CUpdateClientPartner::GetHTTPPage
2025-05-15 22:52:31 -  - TIME GetUpdatesList(request) 0.438 sec
2025-05-15 22:52:31 -  - exec CUpdateClientPartner::ParseServerData
2025-05-15 22:52:45 -  - exec CUpdateClientPartner::GetUpdatesList
2025-05-15 22:52:45 -  - exec CUpdateClientPartner::__CollectRequestData
2025-05-15 22:52:45 -  - utf=Y&lang=ru&stable=Y&CANGZIP=Y&SUPD_DBS=MYSQL&XE=N&CLIENT_SITE=task&LICENSE_KEY=X&SUPD_STS=1&SUPD_URS=0&TYPENC=D&CLIENT_PHPVER=8.3.6&NGINX=Y&dbv=8.2.0&instm=main%2C25.100.300%2CY%3Bb24connector%2C24.0.0%2CN%3Bbitrix.sitecorporate%2C24.0.0%2CN%3Bbitrixcloud%2C24.100.0%2CN%3Bblog%2C24.300.0%2CN%3Bclouds%2C25.0.0%2CN%3Bfileman%2C24.500.0%2CN%3Bform%2C24.0.0%2CN%3Bforum%2C25.100.0%2CN%3Bhighloadblock%2C24.100.0%2CN%3Biblock%2C24.300.0%2CN%3Blanding%2C24.800.0%2CN%3Blocation%2C25.0.0%2CN%3Bmessageservice%2C24.900.0%2CN%3Bmobileapp%2C24.200.0%2CN%3Bperfmon%2C24.200.0%2CN%3Bphotogallery%2C25.0.0%2CN%3Brest%2C25.100.200%2CN%3Bsearch%2C25.0.0%2CN%3Bsecurity%2C24.0.100%2CN%3Bseo%2C24.600.100%2CN%3Bsocialservices%2C24.100.100%2CN%3Bsprint.migration%2C5.0.2%2CN%3Bsubscribe%2C24.0.0%2CN%3Btranslate%2C24.100.0%2CN%3Bui%2C25.0.0%2CN%3Bvote%2C24.0.100%2CN&reqm=bitrix.sitecorporate%2Csprint.migration%2Csprint.migration&SUPD_SRS=RU&SUPD_CMP=N
2025-05-15 22:52:45 -  - exec CUpdateClientPartner::GetHTTPPage
2025-05-15 22:52:45 -  - TIME GetUpdatesList(request) 0.432 sec
2025-05-15 22:52:45 -  - exec CUpdateClientPartner::ParseServerData
2025-05-15 22:52:49 -  - exec CUpdateClientPartner::LoadModulesUpdates
2025-05-15 22:52:49 -  - exec CUpdateClientPartner::__CollectRequestData
2025-05-15 22:52:49 -  - utf=Y&lang=ru&stable=Y&CANGZIP=Y&SUPD_DBS=MYSQL&XE=N&CLIENT_SITE=task&LICENSE_KEY=X&SUPD_STS=1&SUPD_URS=0&TYPENC=D&CLIENT_PHPVER=8.3.6&NGINX=Y&dbv=8.2.0&instm=main%2C25.100.300%2CY%3Bb24connector%2C24.0.0%2CN%3Bbitrix.sitecorporate%2C24.0.0%2CN%3Bbitrixcloud%2C24.100.0%2CN%3Bblog%2C24.300.0%2CN%3Bclouds%2C25.0.0%2CN%3Bfileman%2C24.500.0%2CN%3Bform%2C24.0.0%2CN%3Bforum%2C25.100.0%2CN%3Bhighloadblock%2C24.100.0%2CN%3Biblock%2C24.300.0%2CN%3Blanding%2C24.800.0%2CN%3Blocation%2C25.0.0%2CN%3Bmessageservice%2C24.900.0%2CN%3Bmobileapp%2C24.200.0%2CN%3Bperfmon%2C24.200.0%2CN%3Bphotogallery%2C25.0.0%2CN%3Brest%2C25.100.200%2CN%3Bsearch%2C25.0.0%2CN%3Bsecurity%2C24.0.100%2CN%3Bseo%2C24.600.100%2CN%3Bsocialservices%2C24.100.100%2CN%3Bsprint.migration%2C5.0.2%2CN%3Bsubscribe%2C24.0.0%2CN%3Btranslate%2C24.100.0%2CN%3Bui%2C25.0.0%2CN%3Bvote%2C24.0.100%2CN&reqm=bitrix.sitecorporate%2Csprint.migration&SUPD_SRS=RU&SUPD_CMP=N
2025-05-15 22:52:49 -  - exec CUpdateClientPartner::GetHTTPPage
2025-05-15 22:52:50 -  - TIME LoadModulesUpdates(request) 0.41 sec
2025-05-15 22:52:50 -  - exec CUpdateClientPartner::ParseServerData
2025-05-15 22:52:50 - LMU005 - [LICENSE_NOT_FOUND] Лицензия не найдена
2025-05-15 22:52:50 - CL02 - [LICENSE_NOT_FOUND] Лицензия не найдена
2025-05-15 22:52:50 - UPD_ERROR - Error: [LICENSE_NOT_FOUND] Лицензия не найдена
2025-05-15 22:53:03 -  - exec CUpdateClientPartner::GetUpdatesList
2025-05-15 22:53:03 -  - exec CUpdateClientPartner::__CollectRequestData
2025-05-15 22:53:03 -  - utf=Y&lang=ru&stable=Y&CANGZIP=Y&SUPD_DBS=MYSQL&XE=N&CLIENT_SITE=task&LICENSE_KEY=X&SUPD_STS=1&SUPD_URS=0&TYPENC=D&CLIENT_PHPVER=8.3.6&NGINX=Y&dbv=8.2.0&instm=main%2C25.100.300%2CY%3Bb24connector%2C24.0.0%2CN%3Bbitrix.sitecorporate%2C24.0.0%2CN%3Bbitrixcloud%2C24.100.0%2CN%3Bblog%2C24.300.0%2CN%3Bclouds%2C25.0.0%2CN%3Bfileman%2C24.500.0%2CN%3Bform%2C24.0.0%2CN%3Bforum%2C25.100.0%2CN%3Bhighloadblock%2C24.100.0%2CN%3Biblock%2C24.300.0%2CN%3Blanding%2C24.800.0%2CN%3Blocation%2C25.0.0%2CN%3Bmessageservice%2C24.900.0%2CN%3Bmobileapp%2C24.200.0%2CN%3Bperfmon%2C24.200.0%2CN%3Bphotogallery%2C25.0.0%2CN%3Brest%2C25.100.200%2CN%3Bsearch%2C25.0.0%2CN%3Bsecurity%2C24.0.100%2CN%3Bseo%2C24.600.100%2CN%3Bsocialservices%2C24.100.100%2CN%3Bsprint.migration%2C5.0.2%2CN%3Bsubscribe%2C24.0.0%2CN%3Btranslate%2C24.100.0%2CN%3Bui%2C25.0.0%2CN%3Bvote%2C24.0.100%2CN&reqm=bitrix.sitecorporate%2Csprint.migration&fullmoduleinfo=Y&SUPD_SRS=RU&SUPD_CMP=N
2025-05-15 22:53:03 -  - exec CUpdateClientPartner::GetHTTPPage
2025-05-15 22:53:04 -  - TIME GetUpdatesList(request) 0.44 sec
2025-05-15 22:53:04 -  - exec CUpdateClientPartner::ParseServerData
2025-05-15 22:53:05 -  - exec CUpdateClientPartner::GetUpdatesList
2025-05-15 22:53:05 -  - exec CUpdateClientPartner::__CollectRequestData
2025-05-15 22:53:05 -  - utf=Y&lang=ru&stable=Y&CANGZIP=Y&SUPD_DBS=MYSQL&XE=N&CLIENT_SITE=task&LICENSE_KEY=X&SUPD_STS=1&SUPD_URS=0&TYPENC=D&CLIENT_PHPVER=8.3.6&NGINX=Y&dbv=8.2.0&instm=main%2C25.100.300%2CY%3Bb24connector%2C24.0.0%2CN%3Bbitrix.sitecorporate%2C24.0.0%2CN%3Bbitrixcloud%2C24.100.0%2CN%3Bblog%2C24.300.0%2CN%3Bclouds%2C25.0.0%2CN%3Bfileman%2C24.500.0%2CN%3Bform%2C24.0.0%2CN%3Bforum%2C25.100.0%2CN%3Bhighloadblock%2C24.100.0%2CN%3Biblock%2C24.300.0%2CN%3Blanding%2C24.800.0%2CN%3Blocation%2C25.0.0%2CN%3Bmessageservice%2C24.900.0%2CN%3Bmobileapp%2C24.200.0%2CN%3Bperfmon%2C24.200.0%2CN%3Bphotogallery%2C25.0.0%2CN%3Brest%2C25.100.200%2CN%3Bsearch%2C25.0.0%2CN%3Bsecurity%2C24.0.100%2CN%3Bseo%2C24.600.100%2CN%3Bsocialservices%2C24.100.100%2CN%3Bsprint.migration%2C5.0.2%2CN%3Bsubscribe%2C24.0.0%2CN%3Btranslate%2C24.100.0%2CN%3Bui%2C25.0.0%2CN%3Bvote%2C24.0.100%2CN&reqm=bitrix.sitecorporate%2Csprint.migration&SUPD_SRS=RU&SUPD_CMP=N
2025-05-15 22:53:05 -  - exec CUpdateClientPartner::GetHTTPPage
2025-05-15 22:53:05 -  - TIME GetUpdatesList(request) 0.436 sec
2025-05-15 22:53:05 -  - exec CUpdateClientPartner::ParseServerData
2025-05-15 22:53:10 -  - exec CUpdateClientPartner::GetUpdatesList
2025-05-15 22:53:10 -  - exec CUpdateClientPartner::__CollectRequestData
2025-05-15 22:53:10 -  - utf=Y&lang=ru&stable=Y&CANGZIP=Y&SUPD_DBS=MYSQL&XE=N&CLIENT_SITE=task&LICENSE_KEY=X&SUPD_STS=1&SUPD_URS=0&TYPENC=D&CLIENT_PHPVER=8.3.6&NGINX=Y&dbv=8.2.0&instm=main%2C25.100.300%2CY%3Bb24connector%2C24.0.0%2CN%3Bbitrix.sitecorporate%2C24.0.0%2CN%3Bbitrixcloud%2C24.100.0%2CN%3Bblog%2C24.300.0%2CN%3Bclouds%2C25.0.0%2CN%3Bfileman%2C24.500.0%2CN%3Bform%2C24.0.0%2CN%3Bforum%2C25.100.0%2CN%3Bhighloadblock%2C24.100.0%2CN%3Biblock%2C24.300.0%2CN%3Blanding%2C24.800.0%2CN%3Blocation%2C25.0.0%2CN%3Bmessageservice%2C24.900.0%2CN%3Bmobileapp%2C24.200.0%2CN%3Bperfmon%2C24.200.0%2CN%3Bphotogallery%2C25.0.0%2CN%3Brest%2C25.100.200%2CN%3Bsearch%2C25.0.0%2CN%3Bsecurity%2C24.0.100%2CN%3Bseo%2C24.600.100%2CN%3Bsocialservices%2C24.100.100%2CN%3Bsprint.migration%2C5.0.2%2CN%3Bsubscribe%2C24.0.0%2CN%3Btranslate%2C24.100.0%2CN%3Bui%2C25.0.0%2CN%3Bvote%2C24.0.100%2CN&reqm=bitrix.sitecorporate%2Csprint.migration&fullmoduleinfo=Y&SUPD_SRS=RU&SUPD_CMP=N
2025-05-15 22:53:10 -  - exec CUpdateClientPartner::GetHTTPPage
2025-05-15 22:53:11 -  - TIME GetUpdatesList(request) 0.429 sec
2025-05-15 22:53:11 -  - exec CUpdateClientPartner::ParseServerData
2025-05-15 22:53:16 -  - exec CUpdateClientPartner::GetUpdatesList
2025-05-15 22:53:16 -  - exec CUpdateClientPartner::__CollectRequestData
2025-05-15 22:53:16 -  - utf=Y&lang=ru&stable=Y&CANGZIP=Y&SUPD_DBS=MYSQL&XE=N&CLIENT_SITE=task&LICENSE_KEY=X&SUPD_STS=1&SUPD_URS=0&TYPENC=D&CLIENT_PHPVER=8.3.6&NGINX=Y&dbv=8.2.0&instm=main%2C25.100.300%2CY%3Bb24connector%2C24.0.0%2CN%3Bbitrix.sitecorporate%2C24.0.0%2CN%3Bbitrixcloud%2C24.100.0%2CN%3Bblog%2C24.300.0%2CN%3Bclouds%2C25.0.0%2CN%3Bfileman%2C24.500.0%2CN%3Bform%2C24.0.0%2CN%3Bforum%2C25.100.0%2CN%3Bhighloadblock%2C24.100.0%2CN%3Biblock%2C24.300.0%2CN%3Blanding%2C24.800.0%2CN%3Blocation%2C25.0.0%2CN%3Bmessageservice%2C24.900.0%2CN%3Bmobileapp%2C24.200.0%2CN%3Bperfmon%2C24.200.0%2CN%3Bphotogallery%2C25.0.0%2CN%3Brest%2C25.100.200%2CN%3Bsearch%2C25.0.0%2CN%3Bsecurity%2C24.0.100%2CN%3Bseo%2C24.600.100%2CN%3Bsocialservices%2C24.100.100%2CN%3Bsprint.migration%2C5.0.2%2CN%3Bsubscribe%2C24.0.0%2CN%3Btranslate%2C24.100.0%2CN%3Bui%2C25.0.0%2CN%3Bvote%2C24.0.100%2CN&reqm=bitrix.sitecorporate%2Csprint.migration&fullmoduleinfo=Y&SUPD_SRS=RU&SUPD_CMP=N
2025-05-15 22:53:16 -  - exec CUpdateClientPartner::GetHTTPPage
2025-05-15 22:53:16 -  - TIME GetUpdatesList(request) 0.43 sec
2025-05-15 22:53:16 -  - exec CUpdateClientPartner::ParseServerData
2025-05-15 22:53:16 -  - exec CUpdateClientPartner::GetUpdatesList
2025-05-15 22:53:16 -  - exec CUpdateClientPartner::__CollectRequestData
2025-05-15 22:53:16 -  - utf=Y&lang=ru&stable=Y&CANGZIP=Y&SUPD_DBS=MYSQL&XE=N&CLIENT_SITE=task&LICENSE_KEY=X&SUPD_STS=1&SUPD_URS=0&TYPENC=D&CLIENT_PHPVER=8.3.6&NGINX=Y&dbv=8.2.0&instm=main%2C25.100.300%2CY%3Bb24connector%2C24.0.0%2CN%3Bbitrix.sitecorporate%2C24.0.0%2CN%3Bbitrixcloud%2C24.100.0%2CN%3Bblog%2C24.300.0%2CN%3Bclouds%2C25.0.0%2CN%3Bfileman%2C24.500.0%2CN%3Bform%2C24.0.0%2CN%3Bforum%2C25.100.0%2CN%3Bhighloadblock%2C24.100.0%2CN%3Biblock%2C24.300.0%2CN%3Blanding%2C24.800.0%2CN%3Blocation%2C25.0.0%2CN%3Bmessageservice%2C24.900.0%2CN%3Bmobileapp%2C24.200.0%2CN%3Bperfmon%2C24.200.0%2CN%3Bphotogallery%2C25.0.0%2CN%3Brest%2C25.100.200%2CN%3Bsearch%2C25.0.0%2CN%3Bsecurity%2C24.0.100%2CN%3Bseo%2C24.600.100%2CN%3Bsocialservices%2C24.100.100%2CN%3Bsprint.migration%2C5.0.2%2CN%3Bsubscribe%2C24.0.0%2CN%3Btranslate%2C24.100.0%2CN%3Bui%2C25.0.0%2CN%3Bvote%2C24.0.100%2CN&reqm=bitrix.sitecorporate%2Csprint.migration&fullmoduleinfo=Y&SUPD_SRS=RU&SUPD_CMP=N
2025-05-15 22:53:16 -  - exec CUpdateClientPartner::GetHTTPPage
2025-05-15 22:53:17 -  - TIME GetUpdatesList(request) 0.455 sec
2025-05-15 22:53:17 -  - exec CUpdateClientPartner::ParseServerData
2025-05-15 22:53:36 -  - exec CUpdateClientPartner::GetUpdatesList
2025-05-15 22:53:36 -  - exec CUpdateClientPartner::__CollectRequestData
2025-05-15 22:53:36 -  - utf=Y&lang=ru&stable=Y&CANGZIP=Y&SUPD_DBS=MYSQL&XE=N&CLIENT_SITE=task&LICENSE_KEY=X&SUPD_STS=1&SUPD_URS=0&TYPENC=D&CLIENT_PHPVER=8.3.6&NGINX=Y&dbv=8.2.0&instm=main%2C25.100.300%2CY%3Bb24connector%2C24.0.0%2CN%3Bbitrix.sitecorporate%2C24.0.0%2CN%3Bbitrixcloud%2C24.100.0%2CN%3Bblog%2C24.300.0%2CN%3Bclouds%2C25.0.0%2CN%3Bfileman%2C24.500.0%2CN%3Bform%2C24.0.0%2CN%3Bforum%2C25.100.0%2CN%3Bhighloadblock%2C24.100.0%2CN%3Biblock%2C24.300.0%2CN%3Blanding%2C24.800.0%2CN%3Blocation%2C25.0.0%2CN%3Bmessageservice%2C24.900.0%2CN%3Bmobileapp%2C24.200.0%2CN%3Bperfmon%2C24.200.0%2CN%3Bphotogallery%2C25.0.0%2CN%3Brest%2C25.100.200%2CN%3Bsearch%2C25.0.0%2CN%3Bsecurity%2C24.0.100%2CN%3Bseo%2C24.600.100%2CN%3Bsocialservices%2C24.100.100%2CN%3Bsprint.migration%2C5.0.2%2CN%3Bsubscribe%2C24.0.0%2CN%3Btranslate%2C24.100.0%2CN%3Bui%2C25.0.0%2CN%3Bvote%2C24.0.100%2CN&reqm=bitrix.sitecorporate%2Csprint.migration&fullmoduleinfo=Y&SUPD_SRS=RU&SUPD_CMP=N
2025-05-15 22:53:36 -  - exec CUpdateClientPartner::GetHTTPPage
2025-05-15 22:53:36 -  - TIME GetUpdatesList(request) 0.413 sec
2025-05-15 22:53:36 -  - exec CUpdateClientPartner::ParseServerData
